<?xml version="1.0" encoding="UTF-8"?>
<!-- Generated by org.testng.reporters.JUnitReportReporter -->
<testsuite hostname="XIPL9967" name="com.testcases.EndToEndTest" tests="2" failures="0" timestamp="30 Jun 2022 20:28:57 GMT" time="27.060" errors="0">
  <testcase name="endToEndTest" time="17.521" classname="com.testcases.EndToEndTest"/>
  <testcase name="registrationProcess" time="9.539" classname="com.testcases.EndToEndTest"/>
</testsuite> <!-- com.testcases.EndToEndTest -->
