<?xml version="1.0" encoding="UTF-8"?>
<!-- Generated by org.testng.reporters.JUnitReportReporter -->
<testsuite hostname="XIPL9967" name="com.testcases.Tests" tests="1" failures="0" timestamp="1 Jul 2022 12:18:15 GMT" time="18.860" errors="0">
  <testcase name="endToEndTest" time="18.860" classname="com.testcases.Tests"/>
</testsuite> <!-- com.testcases.Tests -->
