<?xml version="1.0" encoding="UTF-8"?>
<!-- Generated by org.testng.reporters.JUnitReportReporter -->
<testsuite hostname="XIPL9967" name="com.testcases.Tests" tests="1" failures="0" timestamp="4 Jul 2022 09:57:53 GMT" time="60.830" errors="0">
  <testcase name="endToEndTest" time="60.830" classname="com.testcases.Tests"/>
</testsuite> <!-- com.testcases.Tests -->
